<?xml version="1.0" encoding="UTF-8"?>
<!-- Generated by org.testng.reporters.JUnitXMLReporter -->
<testsuite ignored="10" hostname="LTIN219936" failures="0" tests="1" name="Default test" time="9.249" errors="0" timestamp="2024-03-06T16:34:25 IST">
  <testcase classname="testNGTestCases.UsedCarsSearch" name="navigateToHomepage" time="8.953"/>
  <testcase classname="testNGTestCases.NewBikesSearch" name="UpcommingBikes" time="0.0">
    <ignored/>
  </testcase> <!-- UpcommingBikes -->
  <testcase classname="testNGTestCases.UsedCarsSearch" name="usedCars" time="0.0">
    <ignored/>
  </testcase> <!-- usedCars -->
  <testcase classname="testNGTestCases.UsedCarsSearch" name="ClickingOnChennai" time="0.0">
    <ignored/>
  </testcase> <!-- ClickingOnChennai -->
  <testcase classname="testNGTestCases.UsedCarsSearch" name="HoveringUsedCars" time="0.0">
    <ignored/>
  </testcase> <!-- HoveringUsedCars -->
  <testcase classname="testNGTestCases.NewBikesSearch" name="ClickingLoadMore" time="0.0">
    <ignored/>
  </testcase> <!-- ClickingLoadMore -->
  <testcase classname="testNGTestCases.NewBikesSearch" name="NavigateToUpcomingBikes" time="0.0">
    <ignored/>
  </testcase> <!-- NavigateToUpcomingBikes -->
  <testcase classname="testNGTestCases.NewBikesSearch" name="HoveringAtUpcomingBikes" time="0.0">
    <ignored/>
  </testcase> <!-- HoveringAtUpcomingBikes -->
  <testcase classname="testNGTestCases.UsedCarsSearch" name="Scrol7" time="0.0">
    <ignored/>
  </testcase> <!-- Scrol7 -->
  <testcase classname="testNGTestCases.NewBikesSearch" name="SelectingHonda" time="0.0">
    <ignored/>
  </testcase> <!-- SelectingHonda -->
  <testcase classname="testNGTestCases.NewBikesSearch" name="Scrolling" time="0.0">
    <ignored/>
  </testcase> <!-- Scrolling -->
</testsuite> <!-- Default test -->
