<?xml version="1.0" encoding="UTF-8"?>
<testng-results ignored="0" total="1" passed="1" failed="0" skipped="0">
  <reporter-output>
  </reporter-output>
  <suite started-at="2024-03-06T16:34:15 IST" name="Default suite" finished-at="2024-03-06T16:34:25 IST" duration-ms="10239">
    <groups>
      <group name="regression">
        <method signature="UsedCarsSearch.navigateToHomepage()[pri:7, instance:testNGTestCases.UsedCarsSearch@4d14b6c2]" name="navigateToHomepage" class="testNGTestCases.UsedCarsSearch"/>
      </group> <!-- regression -->
    </groups>
    <test started-at="2024-03-06T16:34:15 IST" name="Default test" finished-at="2024-03-06T16:34:25 IST" duration-ms="10239">
      <class name="testNGTestCases.UsedCarsSearch">
        <test-method is-config="true" signature="siteLaunch()[pri:0, instance:testNGTestCases.UsedCarsSearch@4d14b6c2]" started-at="2024-03-06T16:33:52 IST" name="siteLaunch" finished-at="2024-03-06T16:34:15 IST" duration-ms="23457" status="PASS">
          <reporter-output>
          </reporter-output>
        </test-method> <!-- siteLaunch -->
        <test-method signature="navigateToHomepage()[pri:7, instance:testNGTestCases.UsedCarsSearch@4d14b6c2]" started-at="2024-03-06T16:34:15 IST" name="navigateToHomepage" finished-at="2024-03-06T16:34:25 IST" duration-ms="9978" status="PASS">
          <reporter-output>
          </reporter-output>
        </test-method> <!-- navigateToHomepage -->
        <test-method is-config="true" signature="tearDown()[pri:0, instance:testNGTestCases.UsedCarsSearch@4d14b6c2]" started-at="2024-03-06T16:34:26 IST" name="tearDown" finished-at="2024-03-06T16:34:28 IST" duration-ms="2335" status="PASS">
          <reporter-output>
          </reporter-output>
        </test-method> <!-- tearDown -->
      </class> <!-- testNGTestCases.UsedCarsSearch -->
    </test> <!-- Default test -->
  </suite> <!-- Default suite -->
</testng-results>
